[ 2025-06-29 23:20:23,176 ] 42 root - INFO - Start data Ingestion
[ 2025-06-29 23:20:50,318 ] 65 root - INFO - Performed train test split on the dataframe
[ 2025-06-29 23:20:50,318 ] 67 root - INFO - Exited split_data_as_train_test method of Data_Ingestion class
[ 2025-06-29 23:20:50,319 ] 75 root - INFO - Exporting train and test file path.
[ 2025-06-29 23:20:50,361 ] 84 root - INFO - Exported train and test file path.
[ 2025-06-29 23:20:50,361 ] 45 root - INFO - Data Ingestion completed and artifact: DataIngestionArtifact(trained_file_path='Artifacts\\06_29_2025_23_20_09\\data_ingestion\\ingested\\train.csv', test_file_path='Artifacts\\06_29_2025_23_20_09\\data_ingestion\\ingested\\test.csv')
[ 2025-06-29 23:20:50,368 ] 55 root - INFO - Initiate the data Validation
[ 2025-06-29 23:20:50,415 ] 32 root - INFO - Required number of columns:2
[ 2025-06-29 23:20:50,415 ] 33 root - INFO - Data frame has columns:31
[ 2025-06-29 23:20:50,415 ] 32 root - INFO - Required number of columns:2
[ 2025-06-29 23:20:50,415 ] 33 root - INFO - Data frame has columns:31
[ 2025-06-29 23:20:50,550 ] 63 root - INFO - Entered initiate_data_transformation method of DataTransformation class
[ 2025-06-29 23:20:50,550 ] 65 root - INFO - Starting data transformation
[ 2025-06-29 23:20:50,575 ] 48 root - INFO - Entered get_data_trnasformer_object method of Trnasformation class
[ 2025-06-29 23:20:50,575 ] 53 root - INFO - Initialise KNNImputer with {'missing_values': nan, 'n_neighbors': 3, 'weights': 'uniform'}
[ 2025-06-29 23:20:50,587 ] 46 root - INFO - Entered the save_object method of MainUtils class
[ 2025-06-29 23:20:50,589 ] 50 root - INFO - Exited the save_object method of MainUtils class
[ 2025-06-29 23:20:50,589 ] 46 root - INFO - Entered the save_object method of MainUtils class
[ 2025-06-29 23:20:50,591 ] 50 root - INFO - Exited the save_object method of MainUtils class
[ 2025-06-29 23:24:57,433 ] 46 root - INFO - Entered the save_object method of MainUtils class
[ 2025-06-29 23:24:57,433 ] 50 root - INFO - Exited the save_object method of MainUtils class
[ 2025-06-29 23:24:57,433 ] 46 root - INFO - Entered the save_object method of MainUtils class
[ 2025-06-29 23:24:57,453 ] 50 root - INFO - Exited the save_object method of MainUtils class
[ 2025-06-29 23:24:57,453 ] 151 root - INFO - Model trainer artifact: ModelTrainerArtifact(trained_model_file_path='Artifacts\\06_29_2025_23_20_09\\model_trainer\\trained_model\\model.pkl', train_metric_artifact=ClassificationMetricArtifact(f1_score=0.9914720812182741, precision_score=0.9874620829120323, recall_score=0.9955147808358817), test_metric_artifact=ClassificationMetricArtifact(f1_score=0.9731649565903709, precision_score=0.9617784711388455, recall_score=0.9848242811501597))
